E:\Myprojects\Angular4MVC\Angular4MVC\app\app.component.js
E:\Myprojects\Angular4MVC\Angular4MVC\app\app.component.js.map
E:\Myprojects\Angular4MVC\Angular4MVC\app\components\home.component.js
E:\Myprojects\Angular4MVC\Angular4MVC\app\components\home.component.js.map
E:\Myprojects\Angular4MVC\Angular4MVC\app\app.routing.js
E:\Myprojects\Angular4MVC\Angular4MVC\app\app.routing.js.map
E:\Myprojects\Angular4MVC\Angular4MVC\app\app.module.js
E:\Myprojects\Angular4MVC\Angular4MVC\app\app.module.js.map
E:\Myprojects\Angular4MVC\Angular4MVC\app\main.js
E:\Myprojects\Angular4MVC\Angular4MVC\app\main.js.map
E:\Myprojects\Angular4MVC\Angular4MVC\app\app.component.js
E:\Myprojects\Angular4MVC\Angular4MVC\app\app.component.js.map
E:\Myprojects\Angular4MVC\Angular4MVC\app\components\home.component.js
E:\Myprojects\Angular4MVC\Angular4MVC\app\components\home.component.js.map
E:\Myprojects\Angular4MVC\Angular4MVC\app\app.routing.js
E:\Myprojects\Angular4MVC\Angular4MVC\app\app.routing.js.map
E:\Myprojects\Angular4MVC\Angular4MVC\app\app.module.js
E:\Myprojects\Angular4MVC\Angular4MVC\app\app.module.js.map
E:\Myprojects\Angular4MVC\Angular4MVC\app\main.js
E:\Myprojects\Angular4MVC\Angular4MVC\app\main.js.map
E:\Myprojects\Angular4MVC\Angular4MVC\app\app.component.js
E:\Myprojects\Angular4MVC\Angular4MVC\app\app.component.js.map
E:\Myprojects\Angular4MVC\Angular4MVC\app\components\home.component.js
E:\Myprojects\Angular4MVC\Angular4MVC\app\components\home.component.js.map
E:\Myprojects\Angular4MVC\Angular4MVC\app\app.routing.js
E:\Myprojects\Angular4MVC\Angular4MVC\app\app.routing.js.map
E:\Myprojects\Angular4MVC\Angular4MVC\app\app.module.js
E:\Myprojects\Angular4MVC\Angular4MVC\app\app.module.js.map
E:\Myprojects\Angular4MVC\Angular4MVC\app\main.js
E:\Myprojects\Angular4MVC\Angular4MVC\app\main.js.map
E:\Myprojects\Angular4MVC\Angular4MVC\app\shared\global.js
E:\Myprojects\Angular4MVC\Angular4MVC\app\shared\global.js.map
E:\Myprojects\Angular4MVC\Angular4MVC\app\Models\user.js
E:\Myprojects\Angular4MVC\Angular4MVC\app\Models\user.js.map
E:\Myprojects\Angular4MVC\Angular4MVC\app\app.component.js
E:\Myprojects\Angular4MVC\Angular4MVC\app\app.component.js.map
E:\Myprojects\Angular4MVC\Angular4MVC\app\components\home.component.js
E:\Myprojects\Angular4MVC\Angular4MVC\app\components\home.component.js.map
E:\Myprojects\Angular4MVC\Angular4MVC\app\app.routing.js
E:\Myprojects\Angular4MVC\Angular4MVC\app\app.routing.js.map
E:\Myprojects\Angular4MVC\Angular4MVC\app\Service\user.service.js
E:\Myprojects\Angular4MVC\Angular4MVC\app\Service\user.service.js.map
E:\Myprojects\Angular4MVC\Angular4MVC\app\app.module.js
E:\Myprojects\Angular4MVC\Angular4MVC\app\app.module.js.map
E:\Myprojects\Angular4MVC\Angular4MVC\app\main.js
E:\Myprojects\Angular4MVC\Angular4MVC\app\main.js.map
E:\Myprojects\Angular4MVC\Angular4MVC\app\shared\enum.js
E:\Myprojects\Angular4MVC\Angular4MVC\app\shared\enum.js.map
E:\Myprojects\Angular4MVC\Angular4MVC\app\shared\global.js
E:\Myprojects\Angular4MVC\Angular4MVC\app\shared\global.js.map
E:\Myprojects\Angular4MVC\Angular4MVC\app\Models\user.js
E:\Myprojects\Angular4MVC\Angular4MVC\app\Models\user.js.map
E:\Myprojects\Angular4MVC\Angular4MVC\app\Components\user.component.js
E:\Myprojects\Angular4MVC\Angular4MVC\app\Components\user.component.js.map
E:\Myprojects\Angular4MVC\Angular4MVC\app\app.component.js
E:\Myprojects\Angular4MVC\Angular4MVC\app\app.component.js.map
E:\Myprojects\Angular4MVC\Angular4MVC\app\components\home.component.js
E:\Myprojects\Angular4MVC\Angular4MVC\app\components\home.component.js.map
E:\Myprojects\Angular4MVC\Angular4MVC\app\Service\user.service.js
E:\Myprojects\Angular4MVC\Angular4MVC\app\Service\user.service.js.map
E:\Myprojects\Angular4MVC\Angular4MVC\app\Models\user.js
E:\Myprojects\Angular4MVC\Angular4MVC\app\Models\user.js.map
E:\Myprojects\Angular4MVC\Angular4MVC\app\Shared\enum.js
E:\Myprojects\Angular4MVC\Angular4MVC\app\Shared\enum.js.map
E:\Myprojects\Angular4MVC\Angular4MVC\app\Shared\global.js
E:\Myprojects\Angular4MVC\Angular4MVC\app\Shared\global.js.map
E:\Myprojects\Angular4MVC\Angular4MVC\app\components\user.component.js
E:\Myprojects\Angular4MVC\Angular4MVC\app\components\user.component.js.map
E:\Myprojects\Angular4MVC\Angular4MVC\app\app.routing.js
E:\Myprojects\Angular4MVC\Angular4MVC\app\app.routing.js.map
E:\Myprojects\Angular4MVC\Angular4MVC\app\app.module.js
E:\Myprojects\Angular4MVC\Angular4MVC\app\app.module.js.map
E:\Myprojects\Angular4MVC\Angular4MVC\app\main.js
E:\Myprojects\Angular4MVC\Angular4MVC\app\main.js.map
E:\Myprojects\Angular4MVC\Angular4MVC\app\app.component.js
E:\Myprojects\Angular4MVC\Angular4MVC\app\app.component.js.map
E:\Myprojects\Angular4MVC\Angular4MVC\app\components\home.component.js
E:\Myprojects\Angular4MVC\Angular4MVC\app\components\home.component.js.map
E:\Myprojects\Angular4MVC\Angular4MVC\app\Service\user.service.js
E:\Myprojects\Angular4MVC\Angular4MVC\app\Service\user.service.js.map
E:\Myprojects\Angular4MVC\Angular4MVC\app\Models\user.js
E:\Myprojects\Angular4MVC\Angular4MVC\app\Models\user.js.map
E:\Myprojects\Angular4MVC\Angular4MVC\app\Shared\enum.js
E:\Myprojects\Angular4MVC\Angular4MVC\app\Shared\enum.js.map
E:\Myprojects\Angular4MVC\Angular4MVC\app\Shared\global.js
E:\Myprojects\Angular4MVC\Angular4MVC\app\Shared\global.js.map
E:\Myprojects\Angular4MVC\Angular4MVC\app\components\user.component.js
E:\Myprojects\Angular4MVC\Angular4MVC\app\components\user.component.js.map
E:\Myprojects\Angular4MVC\Angular4MVC\app\app.routing.js
E:\Myprojects\Angular4MVC\Angular4MVC\app\app.routing.js.map
E:\Myprojects\Angular4MVC\Angular4MVC\app\app.module.js
E:\Myprojects\Angular4MVC\Angular4MVC\app\app.module.js.map
E:\Myprojects\Angular4MVC\Angular4MVC\app\main.js
E:\Myprojects\Angular4MVC\Angular4MVC\app\main.js.map
E:\Myprojects\Angular4MVC\Angular4MVC\app\app.component.js
E:\Myprojects\Angular4MVC\Angular4MVC\app\app.component.js.map
E:\Myprojects\Angular4MVC\Angular4MVC\app\components\home.component.js
E:\Myprojects\Angular4MVC\Angular4MVC\app\components\home.component.js.map
E:\Myprojects\Angular4MVC\Angular4MVC\app\Service\user.service.js
E:\Myprojects\Angular4MVC\Angular4MVC\app\Service\user.service.js.map
E:\Myprojects\Angular4MVC\Angular4MVC\app\Models\user.js
E:\Myprojects\Angular4MVC\Angular4MVC\app\Models\user.js.map
E:\Myprojects\Angular4MVC\Angular4MVC\app\Shared\enum.js
E:\Myprojects\Angular4MVC\Angular4MVC\app\Shared\enum.js.map
E:\Myprojects\Angular4MVC\Angular4MVC\app\Shared\global.js
E:\Myprojects\Angular4MVC\Angular4MVC\app\Shared\global.js.map
E:\Myprojects\Angular4MVC\Angular4MVC\app\components\user.component.js
E:\Myprojects\Angular4MVC\Angular4MVC\app\components\user.component.js.map
E:\Myprojects\Angular4MVC\Angular4MVC\app\app.routing.js
E:\Myprojects\Angular4MVC\Angular4MVC\app\app.routing.js.map
E:\Myprojects\Angular4MVC\Angular4MVC\app\app.module.js
E:\Myprojects\Angular4MVC\Angular4MVC\app\app.module.js.map
E:\Myprojects\Angular4MVC\Angular4MVC\app\main.js
E:\Myprojects\Angular4MVC\Angular4MVC\app\main.js.map
E:\Myprojects\Angular4MVC\Angular4MVC\app\app.component.js
E:\Myprojects\Angular4MVC\Angular4MVC\app\app.component.js.map
E:\Myprojects\Angular4MVC\Angular4MVC\app\components\home.component.js
E:\Myprojects\Angular4MVC\Angular4MVC\app\components\home.component.js.map
E:\Myprojects\Angular4MVC\Angular4MVC\app\Service\user.service.js
E:\Myprojects\Angular4MVC\Angular4MVC\app\Service\user.service.js.map
E:\Myprojects\Angular4MVC\Angular4MVC\app\Models\user.js
E:\Myprojects\Angular4MVC\Angular4MVC\app\Models\user.js.map
E:\Myprojects\Angular4MVC\Angular4MVC\app\Shared\enum.js
E:\Myprojects\Angular4MVC\Angular4MVC\app\Shared\enum.js.map
E:\Myprojects\Angular4MVC\Angular4MVC\app\Shared\global.js
E:\Myprojects\Angular4MVC\Angular4MVC\app\Shared\global.js.map
E:\Myprojects\Angular4MVC\Angular4MVC\app\components\user.component.js
E:\Myprojects\Angular4MVC\Angular4MVC\app\components\user.component.js.map
E:\Myprojects\Angular4MVC\Angular4MVC\app\app.routing.js
E:\Myprojects\Angular4MVC\Angular4MVC\app\app.routing.js.map
E:\Myprojects\Angular4MVC\Angular4MVC\app\app.module.js
E:\Myprojects\Angular4MVC\Angular4MVC\app\app.module.js.map
E:\Myprojects\Angular4MVC\Angular4MVC\app\main.js
E:\Myprojects\Angular4MVC\Angular4MVC\app\main.js.map
E:\Myprojects\Angular4MVC\Angular4MVC\app\app.component.js
E:\Myprojects\Angular4MVC\Angular4MVC\app\app.component.js.map
E:\Myprojects\Angular4MVC\Angular4MVC\app\components\home.component.js
E:\Myprojects\Angular4MVC\Angular4MVC\app\components\home.component.js.map
E:\Myprojects\Angular4MVC\Angular4MVC\app\Service\user.service.js
E:\Myprojects\Angular4MVC\Angular4MVC\app\Service\user.service.js.map
E:\Myprojects\Angular4MVC\Angular4MVC\app\Models\user.js
E:\Myprojects\Angular4MVC\Angular4MVC\app\Models\user.js.map
E:\Myprojects\Angular4MVC\Angular4MVC\app\Shared\enum.js
E:\Myprojects\Angular4MVC\Angular4MVC\app\Shared\enum.js.map
E:\Myprojects\Angular4MVC\Angular4MVC\app\Shared\global.js
E:\Myprojects\Angular4MVC\Angular4MVC\app\Shared\global.js.map
E:\Myprojects\Angular4MVC\Angular4MVC\app\components\user.component.js
E:\Myprojects\Angular4MVC\Angular4MVC\app\components\user.component.js.map
E:\Myprojects\Angular4MVC\Angular4MVC\app\app.routing.js
E:\Myprojects\Angular4MVC\Angular4MVC\app\app.routing.js.map
E:\Myprojects\Angular4MVC\Angular4MVC\app\app.module.js
E:\Myprojects\Angular4MVC\Angular4MVC\app\app.module.js.map
E:\Myprojects\Angular4MVC\Angular4MVC\app\main.js
E:\Myprojects\Angular4MVC\Angular4MVC\app\main.js.map
E:\Myprojects\Angular4MVC\Angular4MVC\app\app.component.js
E:\Myprojects\Angular4MVC\Angular4MVC\app\app.component.js.map
E:\Myprojects\Angular4MVC\Angular4MVC\app\components\home.component.js
E:\Myprojects\Angular4MVC\Angular4MVC\app\components\home.component.js.map
E:\Myprojects\Angular4MVC\Angular4MVC\app\Service\user.service.js
E:\Myprojects\Angular4MVC\Angular4MVC\app\Service\user.service.js.map
E:\Myprojects\Angular4MVC\Angular4MVC\app\Models\user.js
E:\Myprojects\Angular4MVC\Angular4MVC\app\Models\user.js.map
E:\Myprojects\Angular4MVC\Angular4MVC\app\Shared\enum.js
E:\Myprojects\Angular4MVC\Angular4MVC\app\Shared\enum.js.map
E:\Myprojects\Angular4MVC\Angular4MVC\app\Shared\global.js
E:\Myprojects\Angular4MVC\Angular4MVC\app\Shared\global.js.map
E:\Myprojects\Angular4MVC\Angular4MVC\app\components\user.component.js
E:\Myprojects\Angular4MVC\Angular4MVC\app\components\user.component.js.map
E:\Myprojects\Angular4MVC\Angular4MVC\app\app.routing.js
E:\Myprojects\Angular4MVC\Angular4MVC\app\app.routing.js.map
E:\Myprojects\Angular4MVC\Angular4MVC\app\app.module.js
E:\Myprojects\Angular4MVC\Angular4MVC\app\app.module.js.map
E:\Myprojects\Angular4MVC\Angular4MVC\app\main.js
E:\Myprojects\Angular4MVC\Angular4MVC\app\main.js.map
E:\Myprojects\Angular4MVC\Angular4MVC\app\app.component.js
E:\Myprojects\Angular4MVC\Angular4MVC\app\app.component.js.map
E:\Myprojects\Angular4MVC\Angular4MVC\app\components\home.component.js
E:\Myprojects\Angular4MVC\Angular4MVC\app\components\home.component.js.map
E:\Myprojects\Angular4MVC\Angular4MVC\app\Service\user.service.js
E:\Myprojects\Angular4MVC\Angular4MVC\app\Service\user.service.js.map
E:\Myprojects\Angular4MVC\Angular4MVC\app\Models\user.js
E:\Myprojects\Angular4MVC\Angular4MVC\app\Models\user.js.map
E:\Myprojects\Angular4MVC\Angular4MVC\app\Shared\enum.js
E:\Myprojects\Angular4MVC\Angular4MVC\app\Shared\enum.js.map
E:\Myprojects\Angular4MVC\Angular4MVC\app\Shared\global.js
E:\Myprojects\Angular4MVC\Angular4MVC\app\Shared\global.js.map
E:\Myprojects\Angular4MVC\Angular4MVC\app\components\user.component.js
E:\Myprojects\Angular4MVC\Angular4MVC\app\components\user.component.js.map
E:\Myprojects\Angular4MVC\Angular4MVC\app\app.routing.js
E:\Myprojects\Angular4MVC\Angular4MVC\app\app.routing.js.map
E:\Myprojects\Angular4MVC\Angular4MVC\app\app.module.js
E:\Myprojects\Angular4MVC\Angular4MVC\app\app.module.js.map
E:\Myprojects\Angular4MVC\Angular4MVC\app\main.js
E:\Myprojects\Angular4MVC\Angular4MVC\app\main.js.map
E:\Myprojects\Angular4MVC\Angular4MVC\app\app.component.js
E:\Myprojects\Angular4MVC\Angular4MVC\app\app.component.js.map
E:\Myprojects\Angular4MVC\Angular4MVC\app\components\home.component.js
E:\Myprojects\Angular4MVC\Angular4MVC\app\components\home.component.js.map
E:\Myprojects\Angular4MVC\Angular4MVC\app\Service\user.service.js
E:\Myprojects\Angular4MVC\Angular4MVC\app\Service\user.service.js.map
E:\Myprojects\Angular4MVC\Angular4MVC\app\Models\user.js
E:\Myprojects\Angular4MVC\Angular4MVC\app\Models\user.js.map
E:\Myprojects\Angular4MVC\Angular4MVC\app\Shared\enum.js
E:\Myprojects\Angular4MVC\Angular4MVC\app\Shared\enum.js.map
E:\Myprojects\Angular4MVC\Angular4MVC\app\Shared\global.js
E:\Myprojects\Angular4MVC\Angular4MVC\app\Shared\global.js.map
E:\Myprojects\Angular4MVC\Angular4MVC\app\components\user.component.js
E:\Myprojects\Angular4MVC\Angular4MVC\app\components\user.component.js.map
E:\Myprojects\Angular4MVC\Angular4MVC\app\app.routing.js
E:\Myprojects\Angular4MVC\Angular4MVC\app\app.routing.js.map
E:\Myprojects\Angular4MVC\Angular4MVC\app\app.module.js
E:\Myprojects\Angular4MVC\Angular4MVC\app\app.module.js.map
E:\Myprojects\Angular4MVC\Angular4MVC\app\main.js
E:\Myprojects\Angular4MVC\Angular4MVC\app\main.js.map
E:\Myprojects\Angular4MVC\Angular4MVC\app\app.component.js
E:\Myprojects\Angular4MVC\Angular4MVC\app\app.component.js.map
E:\Myprojects\Angular4MVC\Angular4MVC\app\components\home.component.js
E:\Myprojects\Angular4MVC\Angular4MVC\app\components\home.component.js.map
E:\Myprojects\Angular4MVC\Angular4MVC\app\Service\user.service.js
E:\Myprojects\Angular4MVC\Angular4MVC\app\Service\user.service.js.map
E:\Myprojects\Angular4MVC\Angular4MVC\app\Models\user.js
E:\Myprojects\Angular4MVC\Angular4MVC\app\Models\user.js.map
E:\Myprojects\Angular4MVC\Angular4MVC\app\Shared\enum.js
E:\Myprojects\Angular4MVC\Angular4MVC\app\Shared\enum.js.map
E:\Myprojects\Angular4MVC\Angular4MVC\app\Shared\global.js
E:\Myprojects\Angular4MVC\Angular4MVC\app\Shared\global.js.map
E:\Myprojects\Angular4MVC\Angular4MVC\app\components\user.component.js
E:\Myprojects\Angular4MVC\Angular4MVC\app\components\user.component.js.map
E:\Myprojects\Angular4MVC\Angular4MVC\app\app.routing.js
E:\Myprojects\Angular4MVC\Angular4MVC\app\app.routing.js.map
E:\Myprojects\Angular4MVC\Angular4MVC\app\app.module.js
E:\Myprojects\Angular4MVC\Angular4MVC\app\app.module.js.map
E:\Myprojects\Angular4MVC\Angular4MVC\app\main.js
E:\Myprojects\Angular4MVC\Angular4MVC\app\main.js.map
E:\Myprojects\Angular4MVC\Angular4MVC\app\app.component.js
E:\Myprojects\Angular4MVC\Angular4MVC\app\app.component.js.map
E:\Myprojects\Angular4MVC\Angular4MVC\app\components\home.component.js
E:\Myprojects\Angular4MVC\Angular4MVC\app\components\home.component.js.map
E:\Myprojects\Angular4MVC\Angular4MVC\app\Service\user.service.js
E:\Myprojects\Angular4MVC\Angular4MVC\app\Service\user.service.js.map
E:\Myprojects\Angular4MVC\Angular4MVC\app\Models\user.js
E:\Myprojects\Angular4MVC\Angular4MVC\app\Models\user.js.map
E:\Myprojects\Angular4MVC\Angular4MVC\app\Shared\enum.js
E:\Myprojects\Angular4MVC\Angular4MVC\app\Shared\enum.js.map
E:\Myprojects\Angular4MVC\Angular4MVC\app\Shared\global.js
E:\Myprojects\Angular4MVC\Angular4MVC\app\Shared\global.js.map
E:\Myprojects\Angular4MVC\Angular4MVC\app\components\user.component.js
E:\Myprojects\Angular4MVC\Angular4MVC\app\components\user.component.js.map
E:\Myprojects\Angular4MVC\Angular4MVC\app\app.routing.js
E:\Myprojects\Angular4MVC\Angular4MVC\app\app.routing.js.map
E:\Myprojects\Angular4MVC\Angular4MVC\app\app.module.js
E:\Myprojects\Angular4MVC\Angular4MVC\app\app.module.js.map
E:\Myprojects\Angular4MVC\Angular4MVC\app\main.js
E:\Myprojects\Angular4MVC\Angular4MVC\app\main.js.map
E:\Myprojects\Angular4MVC\Angular4MVC\app\app.component.js
E:\Myprojects\Angular4MVC\Angular4MVC\app\app.component.js.map
E:\Myprojects\Angular4MVC\Angular4MVC\app\components\home.component.js
E:\Myprojects\Angular4MVC\Angular4MVC\app\components\home.component.js.map
E:\Myprojects\Angular4MVC\Angular4MVC\app\Service\user.service.js
E:\Myprojects\Angular4MVC\Angular4MVC\app\Service\user.service.js.map
E:\Myprojects\Angular4MVC\Angular4MVC\app\Models\user.js
E:\Myprojects\Angular4MVC\Angular4MVC\app\Models\user.js.map
E:\Myprojects\Angular4MVC\Angular4MVC\app\Shared\enum.js
E:\Myprojects\Angular4MVC\Angular4MVC\app\Shared\enum.js.map
E:\Myprojects\Angular4MVC\Angular4MVC\app\Shared\global.js
E:\Myprojects\Angular4MVC\Angular4MVC\app\Shared\global.js.map
E:\Myprojects\Angular4MVC\Angular4MVC\app\components\user.component.js
E:\Myprojects\Angular4MVC\Angular4MVC\app\components\user.component.js.map
E:\Myprojects\Angular4MVC\Angular4MVC\app\app.routing.js
E:\Myprojects\Angular4MVC\Angular4MVC\app\app.routing.js.map
E:\Myprojects\Angular4MVC\Angular4MVC\app\app.module.js
E:\Myprojects\Angular4MVC\Angular4MVC\app\app.module.js.map
E:\Myprojects\Angular4MVC\Angular4MVC\app\main.js
E:\Myprojects\Angular4MVC\Angular4MVC\app\main.js.map
E:\Myprojects\Angular4MVC\Angular4MVC\app\app.component.js
E:\Myprojects\Angular4MVC\Angular4MVC\app\app.component.js.map
E:\Myprojects\Angular4MVC\Angular4MVC\app\components\home.component.js
E:\Myprojects\Angular4MVC\Angular4MVC\app\components\home.component.js.map
E:\Myprojects\Angular4MVC\Angular4MVC\app\Service\user.service.js
E:\Myprojects\Angular4MVC\Angular4MVC\app\Service\user.service.js.map
E:\Myprojects\Angular4MVC\Angular4MVC\app\Models\user.js
E:\Myprojects\Angular4MVC\Angular4MVC\app\Models\user.js.map
E:\Myprojects\Angular4MVC\Angular4MVC\app\Shared\enum.js
E:\Myprojects\Angular4MVC\Angular4MVC\app\Shared\enum.js.map
E:\Myprojects\Angular4MVC\Angular4MVC\app\Shared\global.js
E:\Myprojects\Angular4MVC\Angular4MVC\app\Shared\global.js.map
E:\Myprojects\Angular4MVC\Angular4MVC\app\components\user.component.js
E:\Myprojects\Angular4MVC\Angular4MVC\app\components\user.component.js.map
E:\Myprojects\Angular4MVC\Angular4MVC\app\app.routing.js
E:\Myprojects\Angular4MVC\Angular4MVC\app\app.routing.js.map
E:\Myprojects\Angular4MVC\Angular4MVC\app\app.module.js
E:\Myprojects\Angular4MVC\Angular4MVC\app\app.module.js.map
E:\Myprojects\Angular4MVC\Angular4MVC\app\main.js
E:\Myprojects\Angular4MVC\Angular4MVC\app\main.js.map
E:\Myprojects\Angular4MVC\Angular4MVC\app\app.component.js
E:\Myprojects\Angular4MVC\Angular4MVC\app\app.component.js.map
E:\Myprojects\Angular4MVC\Angular4MVC\app\components\home.component.js
E:\Myprojects\Angular4MVC\Angular4MVC\app\components\home.component.js.map
E:\Myprojects\Angular4MVC\Angular4MVC\app\Service\user.service.js
E:\Myprojects\Angular4MVC\Angular4MVC\app\Service\user.service.js.map
E:\Myprojects\Angular4MVC\Angular4MVC\app\Models\user.js
E:\Myprojects\Angular4MVC\Angular4MVC\app\Models\user.js.map
E:\Myprojects\Angular4MVC\Angular4MVC\app\Shared\enum.js
E:\Myprojects\Angular4MVC\Angular4MVC\app\Shared\enum.js.map
E:\Myprojects\Angular4MVC\Angular4MVC\app\Shared\global.js
E:\Myprojects\Angular4MVC\Angular4MVC\app\Shared\global.js.map
E:\Myprojects\Angular4MVC\Angular4MVC\app\components\user.component.js
E:\Myprojects\Angular4MVC\Angular4MVC\app\components\user.component.js.map
E:\Myprojects\Angular4MVC\Angular4MVC\app\app.routing.js
E:\Myprojects\Angular4MVC\Angular4MVC\app\app.routing.js.map
E:\Myprojects\Angular4MVC\Angular4MVC\app\app.module.js
E:\Myprojects\Angular4MVC\Angular4MVC\app\app.module.js.map
E:\Myprojects\Angular4MVC\Angular4MVC\app\main.js
E:\Myprojects\Angular4MVC\Angular4MVC\app\main.js.map
E:\Myprojects\Angular4MVC\Angular4MVC\app\app.component.js
E:\Myprojects\Angular4MVC\Angular4MVC\app\app.component.js.map
E:\Myprojects\Angular4MVC\Angular4MVC\app\components\home.component.js
E:\Myprojects\Angular4MVC\Angular4MVC\app\components\home.component.js.map
E:\Myprojects\Angular4MVC\Angular4MVC\app\Service\user.service.js
E:\Myprojects\Angular4MVC\Angular4MVC\app\Service\user.service.js.map
E:\Myprojects\Angular4MVC\Angular4MVC\app\Models\user.js
E:\Myprojects\Angular4MVC\Angular4MVC\app\Models\user.js.map
E:\Myprojects\Angular4MVC\Angular4MVC\app\Shared\enum.js
E:\Myprojects\Angular4MVC\Angular4MVC\app\Shared\enum.js.map
E:\Myprojects\Angular4MVC\Angular4MVC\app\Shared\global.js
E:\Myprojects\Angular4MVC\Angular4MVC\app\Shared\global.js.map
E:\Myprojects\Angular4MVC\Angular4MVC\app\components\user.component.js
E:\Myprojects\Angular4MVC\Angular4MVC\app\components\user.component.js.map
E:\Myprojects\Angular4MVC\Angular4MVC\app\app.routing.js
E:\Myprojects\Angular4MVC\Angular4MVC\app\app.routing.js.map
E:\Myprojects\Angular4MVC\Angular4MVC\app\app.module.js
E:\Myprojects\Angular4MVC\Angular4MVC\app\app.module.js.map
E:\Myprojects\Angular4MVC\Angular4MVC\app\main.js
E:\Myprojects\Angular4MVC\Angular4MVC\app\main.js.map
E:\Myprojects\Angular4MVC\Angular4MVC\app\app.component.js
E:\Myprojects\Angular4MVC\Angular4MVC\app\app.component.js.map
E:\Myprojects\Angular4MVC\Angular4MVC\app\components\home.component.js
E:\Myprojects\Angular4MVC\Angular4MVC\app\components\home.component.js.map
E:\Myprojects\Angular4MVC\Angular4MVC\app\Service\user.service.js
E:\Myprojects\Angular4MVC\Angular4MVC\app\Service\user.service.js.map
E:\Myprojects\Angular4MVC\Angular4MVC\app\Models\user.js
E:\Myprojects\Angular4MVC\Angular4MVC\app\Models\user.js.map
E:\Myprojects\Angular4MVC\Angular4MVC\app\Shared\enum.js
E:\Myprojects\Angular4MVC\Angular4MVC\app\Shared\enum.js.map
E:\Myprojects\Angular4MVC\Angular4MVC\app\Shared\global.js
E:\Myprojects\Angular4MVC\Angular4MVC\app\Shared\global.js.map
E:\Myprojects\Angular4MVC\Angular4MVC\app\components\user.component.js
E:\Myprojects\Angular4MVC\Angular4MVC\app\components\user.component.js.map
E:\Myprojects\Angular4MVC\Angular4MVC\app\app.routing.js
E:\Myprojects\Angular4MVC\Angular4MVC\app\app.routing.js.map
E:\Myprojects\Angular4MVC\Angular4MVC\app\app.module.js
E:\Myprojects\Angular4MVC\Angular4MVC\app\app.module.js.map
E:\Myprojects\Angular4MVC\Angular4MVC\app\main.js
E:\Myprojects\Angular4MVC\Angular4MVC\app\main.js.map
E:\Myprojects\Angular4MVC\Angular4MVC\app\app.component.js
E:\Myprojects\Angular4MVC\Angular4MVC\app\app.component.js.map
E:\Myprojects\Angular4MVC\Angular4MVC\app\components\home.component.js
E:\Myprojects\Angular4MVC\Angular4MVC\app\components\home.component.js.map
E:\Myprojects\Angular4MVC\Angular4MVC\app\Service\user.service.js
E:\Myprojects\Angular4MVC\Angular4MVC\app\Service\user.service.js.map
E:\Myprojects\Angular4MVC\Angular4MVC\app\Models\user.js
E:\Myprojects\Angular4MVC\Angular4MVC\app\Models\user.js.map
E:\Myprojects\Angular4MVC\Angular4MVC\app\Shared\enum.js
E:\Myprojects\Angular4MVC\Angular4MVC\app\Shared\enum.js.map
E:\Myprojects\Angular4MVC\Angular4MVC\app\Shared\global.js
E:\Myprojects\Angular4MVC\Angular4MVC\app\Shared\global.js.map
E:\Myprojects\Angular4MVC\Angular4MVC\app\components\user.component.js
E:\Myprojects\Angular4MVC\Angular4MVC\app\components\user.component.js.map
E:\Myprojects\Angular4MVC\Angular4MVC\app\app.routing.js
E:\Myprojects\Angular4MVC\Angular4MVC\app\app.routing.js.map
E:\Myprojects\Angular4MVC\Angular4MVC\app\app.module.js
E:\Myprojects\Angular4MVC\Angular4MVC\app\app.module.js.map
E:\Myprojects\Angular4MVC\Angular4MVC\app\main.js
E:\Myprojects\Angular4MVC\Angular4MVC\app\main.js.map
E:\Myprojects\Angular4MVC\Angular4MVC\app\app.component.js
E:\Myprojects\Angular4MVC\Angular4MVC\app\app.component.js.map
E:\Myprojects\Angular4MVC\Angular4MVC\app\components\home.component.js
E:\Myprojects\Angular4MVC\Angular4MVC\app\components\home.component.js.map
E:\Myprojects\Angular4MVC\Angular4MVC\app\Service\user.service.js
E:\Myprojects\Angular4MVC\Angular4MVC\app\Service\user.service.js.map
E:\Myprojects\Angular4MVC\Angular4MVC\app\Models\user.js
E:\Myprojects\Angular4MVC\Angular4MVC\app\Models\user.js.map
E:\Myprojects\Angular4MVC\Angular4MVC\app\Shared\enum.js
E:\Myprojects\Angular4MVC\Angular4MVC\app\Shared\enum.js.map
E:\Myprojects\Angular4MVC\Angular4MVC\app\Shared\global.js
E:\Myprojects\Angular4MVC\Angular4MVC\app\Shared\global.js.map
E:\Myprojects\Angular4MVC\Angular4MVC\app\components\user.component.js
E:\Myprojects\Angular4MVC\Angular4MVC\app\components\user.component.js.map
E:\Myprojects\Angular4MVC\Angular4MVC\app\app.routing.js
E:\Myprojects\Angular4MVC\Angular4MVC\app\app.routing.js.map
E:\Myprojects\Angular4MVC\Angular4MVC\app\app.module.js
E:\Myprojects\Angular4MVC\Angular4MVC\app\app.module.js.map
E:\Myprojects\Angular4MVC\Angular4MVC\app\main.js
E:\Myprojects\Angular4MVC\Angular4MVC\app\main.js.map
E:\Myprojects\Angular4MVC\Angular4MVC\app\app.component.js
E:\Myprojects\Angular4MVC\Angular4MVC\app\app.component.js.map
E:\Myprojects\Angular4MVC\Angular4MVC\app\components\home.component.js
E:\Myprojects\Angular4MVC\Angular4MVC\app\components\home.component.js.map
E:\Myprojects\Angular4MVC\Angular4MVC\app\Service\user.service.js
E:\Myprojects\Angular4MVC\Angular4MVC\app\Service\user.service.js.map
E:\Myprojects\Angular4MVC\Angular4MVC\app\Models\user.js
E:\Myprojects\Angular4MVC\Angular4MVC\app\Models\user.js.map
E:\Myprojects\Angular4MVC\Angular4MVC\app\Shared\enum.js
E:\Myprojects\Angular4MVC\Angular4MVC\app\Shared\enum.js.map
E:\Myprojects\Angular4MVC\Angular4MVC\app\Shared\global.js
E:\Myprojects\Angular4MVC\Angular4MVC\app\Shared\global.js.map
E:\Myprojects\Angular4MVC\Angular4MVC\app\components\user.component.js
E:\Myprojects\Angular4MVC\Angular4MVC\app\components\user.component.js.map
E:\Myprojects\Angular4MVC\Angular4MVC\app\app.routing.js
E:\Myprojects\Angular4MVC\Angular4MVC\app\app.routing.js.map
E:\Myprojects\Angular4MVC\Angular4MVC\app\app.module.js
E:\Myprojects\Angular4MVC\Angular4MVC\app\app.module.js.map
E:\Myprojects\Angular4MVC\Angular4MVC\app\main.js
E:\Myprojects\Angular4MVC\Angular4MVC\app\main.js.map
E:\Myprojects\Angular4MVC\Angular4MVC\app\app.component.js
E:\Myprojects\Angular4MVC\Angular4MVC\app\app.component.js.map
E:\Myprojects\Angular4MVC\Angular4MVC\app\components\home.component.js
E:\Myprojects\Angular4MVC\Angular4MVC\app\components\home.component.js.map
E:\Myprojects\Angular4MVC\Angular4MVC\app\Service\user.service.js
E:\Myprojects\Angular4MVC\Angular4MVC\app\Service\user.service.js.map
E:\Myprojects\Angular4MVC\Angular4MVC\app\Models\user.js
E:\Myprojects\Angular4MVC\Angular4MVC\app\Models\user.js.map
E:\Myprojects\Angular4MVC\Angular4MVC\app\Shared\enum.js
E:\Myprojects\Angular4MVC\Angular4MVC\app\Shared\enum.js.map
E:\Myprojects\Angular4MVC\Angular4MVC\app\Shared\global.js
E:\Myprojects\Angular4MVC\Angular4MVC\app\Shared\global.js.map
E:\Myprojects\Angular4MVC\Angular4MVC\app\components\user.component.js
E:\Myprojects\Angular4MVC\Angular4MVC\app\components\user.component.js.map
E:\Myprojects\Angular4MVC\Angular4MVC\app\app.routing.js
E:\Myprojects\Angular4MVC\Angular4MVC\app\app.routing.js.map
E:\Myprojects\Angular4MVC\Angular4MVC\app\app.module.js
E:\Myprojects\Angular4MVC\Angular4MVC\app\app.module.js.map
E:\Myprojects\Angular4MVC\Angular4MVC\app\main.js
E:\Myprojects\Angular4MVC\Angular4MVC\app\main.js.map
